                                      1 ;--------------------------------------------------------
                                      2 ; File Created by SDCC : free open source ANSI-C Compiler
                                      3 ; Version 3.5.0 #9253 (Mar 24 2016) (Linux)
                                      4 ; This file was generated Tue Jul 23 23:56:18 2019
                                      5 ;--------------------------------------------------------
                                      6 	.module stm8_uart
                                      7 	.optsdcc -mstm8
                                      8 	
                                      9 ;--------------------------------------------------------
                                     10 ; Public variables in this module
                                     11 ;--------------------------------------------------------
                                     12 	.globl _Initialise_Uart
                                     13 	.globl _Uart_Printf
                                     14 ;--------------------------------------------------------
                                     15 ; ram data
                                     16 ;--------------------------------------------------------
                                     17 	.area DATA
                                     18 ;--------------------------------------------------------
                                     19 ; ram data
                                     20 ;--------------------------------------------------------
                                     21 	.area INITIALIZED
                                     22 ;--------------------------------------------------------
                                     23 ; absolute external ram data
                                     24 ;--------------------------------------------------------
                                     25 	.area DABS (ABS)
                                     26 ;--------------------------------------------------------
                                     27 ; global & static initialisations
                                     28 ;--------------------------------------------------------
                                     29 	.area HOME
                                     30 	.area GSINIT
                                     31 	.area GSFINAL
                                     32 	.area GSINIT
                                     33 ;--------------------------------------------------------
                                     34 ; Home
                                     35 ;--------------------------------------------------------
                                     36 	.area HOME
                                     37 	.area HOME
                                     38 ;--------------------------------------------------------
                                     39 ; code
                                     40 ;--------------------------------------------------------
                                     41 	.area CODE
                                     42 ;	src/stm8_uart.c: 13: void Initialise_Uart ()
                                     43 ;	-----------------------------------------
                                     44 ;	 function Initialise_Uart
                                     45 ;	-----------------------------------------
      000000                         46 _Initialise_Uart:
                                     47 ;	src/stm8_uart.c: 16: UART_CR1 = 0;
      000000 35 00 52 34      [ 1]   48 	mov	0x5234+0, #0x00
                                     49 ;	src/stm8_uart.c: 17: UART_CR2 = 0;
      000004 35 00 52 35      [ 1]   50 	mov	0x5235+0, #0x00
                                     51 ;	src/stm8_uart.c: 18: UART_CR4 = 0;
      000008 35 00 52 37      [ 1]   52 	mov	0x5237+0, #0x00
                                     53 ;	src/stm8_uart.c: 19: UART_CR3 = 0;
      00000C 35 00 52 36      [ 1]   54 	mov	0x5236+0, #0x00
                                     55 ;	src/stm8_uart.c: 20: UART_CR5 = 0;
      000010 35 00 52 38      [ 1]   56 	mov	0x5238+0, #0x00
                                     57 ;	src/stm8_uart.c: 21: UART_GTR = 0;
      000014 35 00 52 39      [ 1]   58 	mov	0x5239+0, #0x00
                                     59 ;	src/stm8_uart.c: 22: UART_PSCR = 0;
      000018 35 00 52 3A      [ 1]   60 	mov	0x523a+0, #0x00
                                     61 ;	src/stm8_uart.c: 25: UART_CR1 &= 0xEB;                         //clear M bit(8data bits) and PCEN (disable parity)
      00001C AE 52 34         [ 2]   62 	ldw	x, #0x5234
      00001F F6               [ 1]   63 	ld	a, (x)
      000020 A4 EB            [ 1]   64 	and	a, #0xeb
      000022 F7               [ 1]   65 	ld	(x), a
                                     66 ;	src/stm8_uart.c: 26: UART_CR3 &= 0xCF;                         // 1 stop bit (bit5 and bit4)=0
      000023 AE 52 36         [ 2]   67 	ldw	x, #0x5236
      000026 F6               [ 1]   68 	ld	a, (x)
      000027 A4 CF            [ 1]   69 	and	a, #0xcf
      000029 F7               [ 1]   70 	ld	(x), a
                                     71 ;	src/stm8_uart.c: 27: UART_BRR2 = 0x0A;                         //baudrate =115200 f=16Mhz
      00002A 35 0A 52 33      [ 1]   72 	mov	0x5233+0, #0x0a
                                     73 ;	src/stm8_uart.c: 28: UART_BRR1 = 0x08;
      00002E 35 08 52 32      [ 1]   74 	mov	0x5232+0, #0x08
                                     75 ;	src/stm8_uart.c: 31: UART_CR2 &= 0xF3;                         // disable tx and rx
      000032 AE 52 35         [ 2]   76 	ldw	x, #0x5235
      000035 F6               [ 1]   77 	ld	a, (x)
      000036 A4 F3            [ 1]   78 	and	a, #0xf3
      000038 F7               [ 1]   79 	ld	(x), a
                                     80 ;	src/stm8_uart.c: 34: UART_CR3 |= 0x07;                         //set CPOL CPHA LBCL
      000039 AE 52 36         [ 2]   81 	ldw	x, #0x5236
      00003C F6               [ 1]   82 	ld	a, (x)
      00003D AA 07            [ 1]   83 	or	a, #0x07
      00003F F7               [ 1]   84 	ld	(x), a
                                     85 ;	src/stm8_uart.c: 37: UART_CR2 |= 0x0C;
      000040 AE 52 35         [ 2]   86 	ldw	x, #0x5235
      000043 F6               [ 1]   87 	ld	a, (x)
      000044 AA 0C            [ 1]   88 	or	a, #0x0c
      000046 F7               [ 1]   89 	ld	(x), a
                                     90 ;	src/stm8_uart.c: 38: UART_CR3 |= 0x08;                         //CLKEN =1
      000047 AE 52 36         [ 2]   91 	ldw	x, #0x5236
      00004A F6               [ 1]   92 	ld	a, (x)
      00004B AA 08            [ 1]   93 	or	a, #0x08
      00004D F7               [ 1]   94 	ld	(x), a
      00004E 81               [ 4]   95 	ret
                                     96 ;	src/stm8_uart.c: 41: void Uart_Printf(char *message)
                                     97 ;	-----------------------------------------
                                     98 ;	 function Uart_Printf
                                     99 ;	-----------------------------------------
      00004F                        100 _Uart_Printf:
                                    101 ;	src/stm8_uart.c: 43: char *ch = message;
      00004F 16 03            [ 2]  102 	ldw	y, (0x03, sp)
                                    103 ;	src/stm8_uart.c: 44: while(*ch != '\0')
      000051                        104 00104$:
      000051 90 F6            [ 1]  105 	ld	a, (y)
      000053 4D               [ 1]  106 	tnz	a
      000054 27 12            [ 1]  107 	jreq	00107$
                                    108 ;	src/stm8_uart.c: 46: UART_DR = (unsigned char) *ch;	//  put the next char into the buffer
      000056 AE 52 31         [ 2]  109 	ldw	x, #0x5231
      000059 F7               [ 1]  110 	ld	(x), a
                                    111 ;	src/stm8_uart.c: 47: while((UART_SR &= UART_SR_TXE) == 0);	//  wait for TX to complete
      00005A                        112 00101$:
      00005A AE 52 30         [ 2]  113 	ldw	x, #0x5230
      00005D F6               [ 1]  114 	ld	a, (x)
      00005E A4 80            [ 1]  115 	and	a, #0x80
      000060 F7               [ 1]  116 	ld	(x), a
      000061 4D               [ 1]  117 	tnz	a
      000062 27 F6            [ 1]  118 	jreq	00101$
                                    119 ;	src/stm8_uart.c: 48: ch++;
      000064 90 5C            [ 2]  120 	incw	y
      000066 20 E9            [ 2]  121 	jra	00104$
      000068                        122 00107$:
      000068 81               [ 4]  123 	ret
                                    124 	.area CODE
                                    125 	.area INITIALIZER
                                    126 	.area CABS (ABS)
