                                      1 ;--------------------------------------------------------
                                      2 ; File Created by SDCC : free open source ANSI-C Compiler
                                      3 ; Version 3.5.0 #9253 (Mar 24 2016) (Linux)
                                      4 ; This file was generated Wed Jul 10 00:12:33 2019
                                      5 ;--------------------------------------------------------
                                      6 	.module blink
                                      7 	.optsdcc -mstm8
                                      8 	
                                      9 ;--------------------------------------------------------
                                     10 ; Public variables in this module
                                     11 ;--------------------------------------------------------
                                     12 	.globl _main
                                     13 	.globl _delay
                                     14 ;--------------------------------------------------------
                                     15 ; ram data
                                     16 ;--------------------------------------------------------
                                     17 	.area DATA
                                     18 ;--------------------------------------------------------
                                     19 ; ram data
                                     20 ;--------------------------------------------------------
                                     21 	.area INITIALIZED
                                     22 ;--------------------------------------------------------
                                     23 ; Stack segment in internal ram 
                                     24 ;--------------------------------------------------------
                                     25 	.area	SSEG
      000000                         26 __start__stack:
      000000                         27 	.ds	1
                                     28 
                                     29 ;--------------------------------------------------------
                                     30 ; absolute external ram data
                                     31 ;--------------------------------------------------------
                                     32 	.area DABS (ABS)
                                     33 ;--------------------------------------------------------
                                     34 ; interrupt vector 
                                     35 ;--------------------------------------------------------
                                     36 	.area HOME
      000000                         37 __interrupt_vect:
      000000 82v00u00u00             38 	int s_GSINIT ;reset
      000004 82 00 00 00             39 	int 0x0000 ;trap
      000008 82 00 00 00             40 	int 0x0000 ;int0
      00000C 82 00 00 00             41 	int 0x0000 ;int1
      000010 82 00 00 00             42 	int 0x0000 ;int2
      000014 82 00 00 00             43 	int 0x0000 ;int3
      000018 82 00 00 00             44 	int 0x0000 ;int4
      00001C 82 00 00 00             45 	int 0x0000 ;int5
      000020 82 00 00 00             46 	int 0x0000 ;int6
      000024 82 00 00 00             47 	int 0x0000 ;int7
      000028 82 00 00 00             48 	int 0x0000 ;int8
      00002C 82 00 00 00             49 	int 0x0000 ;int9
      000030 82 00 00 00             50 	int 0x0000 ;int10
      000034 82 00 00 00             51 	int 0x0000 ;int11
      000038 82 00 00 00             52 	int 0x0000 ;int12
      00003C 82 00 00 00             53 	int 0x0000 ;int13
      000040 82 00 00 00             54 	int 0x0000 ;int14
      000044 82 00 00 00             55 	int 0x0000 ;int15
      000048 82 00 00 00             56 	int 0x0000 ;int16
      00004C 82 00 00 00             57 	int 0x0000 ;int17
      000050 82 00 00 00             58 	int 0x0000 ;int18
      000054 82 00 00 00             59 	int 0x0000 ;int19
      000058 82 00 00 00             60 	int 0x0000 ;int20
      00005C 82 00 00 00             61 	int 0x0000 ;int21
      000060 82 00 00 00             62 	int 0x0000 ;int22
      000064 82 00 00 00             63 	int 0x0000 ;int23
      000068 82 00 00 00             64 	int 0x0000 ;int24
      00006C 82 00 00 00             65 	int 0x0000 ;int25
      000070 82 00 00 00             66 	int 0x0000 ;int26
      000074 82 00 00 00             67 	int 0x0000 ;int27
      000078 82 00 00 00             68 	int 0x0000 ;int28
      00007C 82 00 00 00             69 	int 0x0000 ;int29
                                     70 ;--------------------------------------------------------
                                     71 ; global & static initialisations
                                     72 ;--------------------------------------------------------
                                     73 	.area HOME
                                     74 	.area GSINIT
                                     75 	.area GSFINAL
                                     76 	.area GSINIT
      000000                         77 __sdcc_gs_init_startup:
      000000                         78 __sdcc_init_data:
                                     79 ; stm8_genXINIT() start
      000000 AEr00r00         [ 2]   80 	ldw x, #l_DATA
      000003 27 07            [ 1]   81 	jreq	00002$
      000005                         82 00001$:
      000005 72 4FuFFuFF      [ 1]   83 	clr (s_DATA - 1, x)
      000009 5A               [ 2]   84 	decw x
      00000A 26 F9            [ 1]   85 	jrne	00001$
      00000C                         86 00002$:
      00000C AEr00r00         [ 2]   87 	ldw	x, #l_INITIALIZER
      00000F 27 09            [ 1]   88 	jreq	00004$
      000011                         89 00003$:
      000011 D6uFFuFF         [ 1]   90 	ld	a, (s_INITIALIZER - 1, x)
      000014 D7uFFuFF         [ 1]   91 	ld	(s_INITIALIZED - 1, x), a
      000017 5A               [ 2]   92 	decw	x
      000018 26 F7            [ 1]   93 	jrne	00003$
      00001A                         94 00004$:
                                     95 ; stm8_genXINIT() end
                                     96 	.area GSFINAL
      000000 CCr00r80         [ 2]   97 	jp	__sdcc_program_startup
                                     98 ;--------------------------------------------------------
                                     99 ; Home
                                    100 ;--------------------------------------------------------
                                    101 	.area HOME
                                    102 	.area HOME
      000080                        103 __sdcc_program_startup:
      000080 CCr00r33         [ 2]  104 	jp	_main
                                    105 ;	return from main will return to caller
                                    106 ;--------------------------------------------------------
                                    107 ; code
                                    108 ;--------------------------------------------------------
                                    109 	.area CODE
                                    110 ;	src/blink.c: 16: void delay(unsigned long count) {
                                    111 ;	-----------------------------------------
                                    112 ;	 function delay
                                    113 ;	-----------------------------------------
      000000                        114 _delay:
      000000 52 08            [ 2]  115 	sub	sp, #8
                                    116 ;	src/blink.c: 17: while (count--)
      000002 16 0B            [ 2]  117 	ldw	y, (0x0b, sp)
      000004 17 05            [ 2]  118 	ldw	(0x05, sp), y
      000006 1E 0D            [ 2]  119 	ldw	x, (0x0d, sp)
      000008                        120 00101$:
      000008 41               [ 1]  121 	exg	a, xl
      000009 6B 04            [ 1]  122 	ld	(0x04, sp), a
      00000B 41               [ 1]  123 	exg	a, xl
      00000C 16 05            [ 2]  124 	ldw	y, (0x05, sp)
      00000E 17 01            [ 2]  125 	ldw	(0x01, sp), y
      000010 9E               [ 1]  126 	ld	a, xh
      000011 1D 00 01         [ 2]  127 	subw	x, #0x0001
      000014 88               [ 1]  128 	push	a
      000015 7B 07            [ 1]  129 	ld	a, (0x07, sp)
      000017 A2 00            [ 1]  130 	sbc	a, #0x00
      000019 6B 07            [ 1]  131 	ld	(0x07, sp), a
      00001B 7B 06            [ 1]  132 	ld	a, (0x06, sp)
      00001D A2 00            [ 1]  133 	sbc	a, #0x00
      00001F 6B 06            [ 1]  134 	ld	(0x06, sp), a
      000021 84               [ 1]  135 	pop	a
      000022 0D 04            [ 1]  136 	tnz	(0x04, sp)
      000024 26 07            [ 1]  137 	jrne	00115$
      000026 4D               [ 1]  138 	tnz	a
      000027 26 04            [ 1]  139 	jrne	00115$
      000029 16 01            [ 2]  140 	ldw	y, (0x01, sp)
      00002B 27 03            [ 1]  141 	jreq	00104$
      00002D                        142 00115$:
                                    143 ;	src/blink.c: 18: nop();
      00002D 9D               [ 1]  144 	nop
      00002E 20 D8            [ 2]  145 	jra	00101$
      000030                        146 00104$:
      000030 5B 08            [ 2]  147 	addw	sp, #8
      000032 81               [ 4]  148 	ret
                                    149 ;	src/blink.c: 21: int main(void)
                                    150 ;	-----------------------------------------
                                    151 ;	 function main
                                    152 ;	-----------------------------------------
      000033                        153 _main:
                                    154 ;	src/blink.c: 24: CLK_CKDIVR = 0;
      000033 35 00 50 C6      [ 1]  155 	mov	0x50c6+0, #0x00
                                    156 ;	src/blink.c: 28: PORT(LED_PORT, DDR)  |= LED_PIN; // i.e. PB_DDR |= (1 << 5);
      000037 AE 50 07         [ 2]  157 	ldw	x, #0x5007
      00003A F6               [ 1]  158 	ld	a, (x)
      00003B AA 20            [ 1]  159 	or	a, #0x20
      00003D F7               [ 1]  160 	ld	(x), a
                                    161 ;	src/blink.c: 30: PORT(LED_PORT, CR1)  |= LED_PIN; // i.e. PB_CR1 |= (1 << 5);
      00003E AE 50 08         [ 2]  162 	ldw	x, #0x5008
      000041 F6               [ 1]  163 	ld	a, (x)
      000042 AA 20            [ 1]  164 	or	a, #0x20
      000044 F7               [ 1]  165 	ld	(x), a
                                    166 ;	src/blink.c: 32: while(1) {
      000045                        167 00102$:
                                    168 ;	src/blink.c: 34: PORT(LED_PORT, ODR) |= LED_PIN; // PB_ODR |= (1 << 5);
      000045 AE 50 05         [ 2]  169 	ldw	x, #0x5005
      000048 F6               [ 1]  170 	ld	a, (x)
      000049 AA 20            [ 1]  171 	or	a, #0x20
      00004B F7               [ 1]  172 	ld	(x), a
                                    173 ;	src/blink.c: 35: delay(100000L);
      00004C 4B A0            [ 1]  174 	push	#0xa0
      00004E 4B 86            [ 1]  175 	push	#0x86
      000050 4B 01            [ 1]  176 	push	#0x01
      000052 4B 00            [ 1]  177 	push	#0x00
      000054 CDr00r00         [ 4]  178 	call	_delay
      000057 5B 04            [ 2]  179 	addw	sp, #4
                                    180 ;	src/blink.c: 37: PORT(LED_PORT, ODR) &= ~LED_PIN; // PB_ODR &= ~(1 << 5);
      000059 AE 50 05         [ 2]  181 	ldw	x, #0x5005
      00005C F6               [ 1]  182 	ld	a, (x)
      00005D A4 DF            [ 1]  183 	and	a, #0xdf
      00005F F7               [ 1]  184 	ld	(x), a
                                    185 ;	src/blink.c: 38: delay(300000L);
      000060 4B E0            [ 1]  186 	push	#0xe0
      000062 4B 93            [ 1]  187 	push	#0x93
      000064 4B 04            [ 1]  188 	push	#0x04
      000066 4B 00            [ 1]  189 	push	#0x00
      000068 CDr00r00         [ 4]  190 	call	_delay
      00006B 5B 04            [ 2]  191 	addw	sp, #4
      00006D 20 D6            [ 2]  192 	jra	00102$
      00006F 81               [ 4]  193 	ret
                                    194 	.area CODE
                                    195 	.area INITIALIZER
                                    196 	.area CABS (ABS)
