                                      1 ;--------------------------------------------------------
                                      2 ; File Created by SDCC : free open source ANSI-C Compiler
                                      3 ; Version 3.5.0 #9253 (Mar 24 2016) (Linux)
                                      4 ; This file was generated Sun Aug 11 22:41:03 2019
                                      5 ;--------------------------------------------------------
                                      6 	.module stm8_spi
                                      7 	.optsdcc -mstm8
                                      8 	
                                      9 ;--------------------------------------------------------
                                     10 ; Public variables in this module
                                     11 ;--------------------------------------------------------
                                     12 	.globl _Spi_Init
                                     13 	.globl _Spi_Write
                                     14 	.globl _Spi_Read
                                     15 	.globl _Chip_Select
                                     16 	.globl _Chip_Deselect
                                     17 ;--------------------------------------------------------
                                     18 ; ram data
                                     19 ;--------------------------------------------------------
                                     20 	.area DATA
                                     21 ;--------------------------------------------------------
                                     22 ; ram data
                                     23 ;--------------------------------------------------------
                                     24 	.area INITIALIZED
                                     25 ;--------------------------------------------------------
                                     26 ; absolute external ram data
                                     27 ;--------------------------------------------------------
                                     28 	.area DABS (ABS)
                                     29 ;--------------------------------------------------------
                                     30 ; global & static initialisations
                                     31 ;--------------------------------------------------------
                                     32 	.area HOME
                                     33 	.area GSINIT
                                     34 	.area GSFINAL
                                     35 	.area GSINIT
                                     36 ;--------------------------------------------------------
                                     37 ; Home
                                     38 ;--------------------------------------------------------
                                     39 	.area HOME
                                     40 	.area HOME
                                     41 ;--------------------------------------------------------
                                     42 ; code
                                     43 ;--------------------------------------------------------
                                     44 	.area CODE
                                     45 ;	src/stm8_spi.c: 17: void Spi_Init()
                                     46 ;	-----------------------------------------
                                     47 ;	 function Spi_Init
                                     48 ;	-----------------------------------------
      000000                         49 _Spi_Init:
                                     50 ;	src/stm8_spi.c: 20: PC_DDR |= (1 << CS_PIN);
      000000 AE 50 0C         [ 2]   51 	ldw	x, #0x500c
      000003 F6               [ 1]   52 	ld	a, (x)
      000004 AA 10            [ 1]   53 	or	a, #0x10
      000006 F7               [ 1]   54 	ld	(x), a
                                     55 ;	src/stm8_spi.c: 21: PC_CR1 |= (1 << CS_PIN);
      000007 AE 50 0D         [ 2]   56 	ldw	x, #0x500d
      00000A F6               [ 1]   57 	ld	a, (x)
      00000B AA 10            [ 1]   58 	or	a, #0x10
      00000D F7               [ 1]   59 	ld	(x), a
                                     60 ;	src/stm8_spi.c: 22: PC_ODR |= (1 << CS_PIN);
      00000E AE 50 0A         [ 2]   61 	ldw	x, #0x500a
      000011 F6               [ 1]   62 	ld	a, (x)
      000012 AA 10            [ 1]   63 	or	a, #0x10
      000014 F7               [ 1]   64 	ld	(x), a
                                     65 ;	src/stm8_spi.c: 25: SPI_CR1 = 0;
      000015 35 00 52 00      [ 1]   66 	mov	0x5200+0, #0x00
                                     67 ;	src/stm8_spi.c: 26: SPI_CR2 = 0;
      000019 35 00 52 01      [ 1]   68 	mov	0x5201+0, #0x00
                                     69 ;	src/stm8_spi.c: 29: SPI_CR2 |= (SPI_CR2_SSI) | (SPI_CR2_SSM); 	//  Master mode & software SS
      00001D AE 52 01         [ 2]   70 	ldw	x, #0x5201
      000020 F6               [ 1]   71 	ld	a, (x)
      000021 AA 03            [ 1]   72 	or	a, #0x03
      000023 F7               [ 1]   73 	ld	(x), a
                                     74 ;	src/stm8_spi.c: 30: SPI_CR1 |= (SPI_CR1_MSTR) | (SPI_CR1_SPE) | (SPI_CR1_BR(4)) ;
      000024 AE 52 00         [ 2]   75 	ldw	x, #0x5200
      000027 F6               [ 1]   76 	ld	a, (x)
      000028 AA 64            [ 1]   77 	or	a, #0x64
      00002A F7               [ 1]   78 	ld	(x), a
      00002B 81               [ 4]   79 	ret
                                     80 ;	src/stm8_spi.c: 33: void Spi_Write(uint8_t data)
                                     81 ;	-----------------------------------------
                                     82 ;	 function Spi_Write
                                     83 ;	-----------------------------------------
      00002C                         84 _Spi_Write:
                                     85 ;	src/stm8_spi.c: 35: SPI_DR = data;
      00002C AE 52 04         [ 2]   86 	ldw	x, #0x5204
      00002F 7B 03            [ 1]   87 	ld	a, (0x03, sp)
      000031 F7               [ 1]   88 	ld	(x), a
                                     89 ;	src/stm8_spi.c: 36: while( !(SPI_SR & SPI_SR_TXE));		//  Wait till tx buffer is not empty
      000032                         90 00101$:
      000032 AE 52 03         [ 2]   91 	ldw	x, #0x5203
      000035 F6               [ 1]   92 	ld	a, (x)
      000036 A5 02            [ 1]   93 	bcp	a, #0x02
      000038 27 F8            [ 1]   94 	jreq	00101$
      00003A 81               [ 4]   95 	ret
                                     96 ;	src/stm8_spi.c: 39: uint8_t Spi_Read()
                                     97 ;	-----------------------------------------
                                     98 ;	 function Spi_Read
                                     99 ;	-----------------------------------------
      00003B                        100 _Spi_Read:
                                    101 ;	src/stm8_spi.c: 41: Spi_Write(0xFF);	//  To read write dummy value
      00003B 4B FF            [ 1]  102 	push	#0xff
      00003D CDr00r2C         [ 4]  103 	call	_Spi_Write
      000040 84               [ 1]  104 	pop	a
                                    105 ;	src/stm8_spi.c: 42: while(!(SPI_SR & SPI_SR_RXNE));		//  wait till rx buffer is full
      000041                        106 00101$:
      000041 AE 52 03         [ 2]  107 	ldw	x, #0x5203
      000044 F6               [ 1]  108 	ld	a, (x)
      000045 44               [ 1]  109 	srl	a
      000046 24 F9            [ 1]  110 	jrnc	00101$
                                    111 ;	src/stm8_spi.c: 43: return SPI_DR;
      000048 AE 52 04         [ 2]  112 	ldw	x, #0x5204
      00004B F6               [ 1]  113 	ld	a, (x)
      00004C 81               [ 4]  114 	ret
                                    115 ;	src/stm8_spi.c: 46: void Chip_Select()
                                    116 ;	-----------------------------------------
                                    117 ;	 function Chip_Select
                                    118 ;	-----------------------------------------
      00004D                        119 _Chip_Select:
                                    120 ;	src/stm8_spi.c: 48: PC_ODR &= ~(1 << CS_PIN);
      00004D AE 50 0A         [ 2]  121 	ldw	x, #0x500a
      000050 F6               [ 1]  122 	ld	a, (x)
      000051 A4 EF            [ 1]  123 	and	a, #0xef
      000053 F7               [ 1]  124 	ld	(x), a
      000054 81               [ 4]  125 	ret
                                    126 ;	src/stm8_spi.c: 51: void Chip_Deselect()
                                    127 ;	-----------------------------------------
                                    128 ;	 function Chip_Deselect
                                    129 ;	-----------------------------------------
      000055                        130 _Chip_Deselect:
                                    131 ;	src/stm8_spi.c: 53: while((SPI_SR & (SPI_SR_BSY)));
      000055                        132 00101$:
      000055 AE 52 03         [ 2]  133 	ldw	x, #0x5203
      000058 F6               [ 1]  134 	ld	a, (x)
      000059 4D               [ 1]  135 	tnz	a
      00005A 2B F9            [ 1]  136 	jrmi	00101$
                                    137 ;	src/stm8_spi.c: 54: PC_ODR |= (1 << CS_PIN);
      00005C AE 50 0A         [ 2]  138 	ldw	x, #0x500a
      00005F F6               [ 1]  139 	ld	a, (x)
      000060 AA 10            [ 1]  140 	or	a, #0x10
      000062 F7               [ 1]  141 	ld	(x), a
      000063 81               [ 4]  142 	ret
                                    143 	.area CODE
                                    144 	.area INITIALIZER
                                    145 	.area CABS (ABS)
